2019-11-21 11:36:24,856 INFO w.Application [restartedMain] Starting Application on 403DWXN271 with PID 13068 (C:\Users\rpi-roarellora\git\assignment\weather-app\target\classes started by rpi-roarellora in C:\Users\rpi-roarellora\git\assignment\weather-app)
2019-11-21 11:36:24,856 INFO w.Application [restartedMain] No active profile set, falling back to default profiles: default
2019-11-21 11:36:24,986 INFO o.s.d.r.c.RepositoryConfigurationDelegate [restartedMain] Bootstrapping Spring Data repositories in DEFAULT mode.
2019-11-21 11:36:24,995 INFO o.s.d.r.c.RepositoryConfigurationDelegate [restartedMain] Finished Spring Data repository scanning in 8ms. Found 1 repository interfaces.
2019-11-21 11:36:25,077 INFO o.a.c.h.Http11NioProtocol [restartedMain] Initializing ProtocolHandler ["http-nio-8080"]
2019-11-21 11:36:25,078 INFO o.a.c.c.StandardService [restartedMain] Starting service [Tomcat]
2019-11-21 11:36:25,078 INFO o.a.c.c.StandardEngine [restartedMain] Starting Servlet engine: [Apache Tomcat/9.0.21]
2019-11-21 11:36:25,091 INFO o.a.c.c.C.[.[.[/] [restartedMain] Initializing Spring embedded WebApplicationContext
2019-11-21 11:36:25,091 INFO o.s.w.c.ContextLoader [restartedMain] Root WebApplicationContext: initialization completed in 229 ms
2019-11-21 11:36:25,109 INFO o.m.d.cluster [restartedMain] Cluster created with settings {hosts=[localhost:27017], mode=SINGLE, requiredClusterType=UNKNOWN, serverSelectionTimeout='30000 ms', maxWaitQueueSize=500}
2019-11-21 11:36:25,113 INFO o.m.d.connection [cluster-ClusterId{value='5dd606399eb84c330c4492a5', description='null'}-localhost:27017] Opened connection [connectionId{localValue:26, serverValue:5462}] to localhost:27017
2019-11-21 11:36:25,114 INFO o.m.d.cluster [cluster-ClusterId{value='5dd606399eb84c330c4492a5', description='null'}-localhost:27017] Monitor thread successfully connected to server with description ServerDescription{address=localhost:27017, type=STANDALONE, state=CONNECTED, ok=true, version=ServerVersion{versionList=[4, 2, 1]}, minWireVersion=0, maxWireVersion=8, maxDocumentSize=16777216, logicalSessionTimeoutMinutes=30, roundTripTimeNanos=422400}
2019-11-21 11:36:25,161 INFO o.s.s.c.ThreadPoolTaskExecutor [restartedMain] Initializing ExecutorService 'applicationTaskExecutor'
2019-11-21 11:36:25,183 INFO o.s.s.c.ThreadPoolTaskScheduler [restartedMain] Initializing ExecutorService 'taskScheduler'
2019-11-21 11:36:25,196 INFO o.a.c.h.Http11NioProtocol [restartedMain] Starting ProtocolHandler ["http-nio-8080"]
2019-11-21 11:36:25,199 INFO w.Application [restartedMain] Started Application in 0.383 seconds (JVM running for 969.038)
2019-11-21 11:36:41,396 INFO o.a.c.c.C.[.[.[/] [http-nio-8080-exec-1] Initializing Spring DispatcherServlet 'dispatcherServlet'
2019-11-21 11:36:41,396 INFO o.s.w.s.DispatcherServlet [http-nio-8080-exec-1] Initializing Servlet 'dispatcherServlet'
2019-11-21 11:36:41,398 INFO o.s.w.s.DispatcherServlet [http-nio-8080-exec-1] Completed initialization in 2 ms
2019-11-21 11:36:41,400 INFO WeatherAppLogger [http-nio-8080-exec-1] /wetherNow URL triggered
2019-11-21 11:36:41,401 INFO WeatherAppLogger [http-nio-8080-exec-1] Initialize get wetaher today:Thu Nov 21 00:00:00 SGT 2019
2019-11-21 11:36:41,406 INFO o.m.d.connection [http-nio-8080-exec-1] Opened connection [connectionId{localValue:27, serverValue:5463}] to localhost:27017
2019-11-21 11:36:41,415 INFO WeatherAppLogger [http-nio-8080-exec-1] Weather for city: Campbell, CA and date: Thu Nov 21 00:00:00 SGT 2019already exists
2019-11-21 11:36:41,417 INFO WeatherAppLogger [http-nio-8080-exec-1] Weather for city: Omaha, NE and date: Thu Nov 21 00:00:00 SGT 2019already exists
2019-11-21 11:36:41,419 INFO WeatherAppLogger [http-nio-8080-exec-1] Weather for city: Austin, TX and date: Thu Nov 21 00:00:00 SGT 2019already exists
2019-11-21 11:36:41,422 INFO WeatherAppLogger [http-nio-8080-exec-1] Weather for city: Niseko, Japan and date: Thu Nov 21 00:00:00 SGT 2019already exists
2019-11-21 11:36:41,425 INFO WeatherAppLogger [http-nio-8080-exec-1] Weather for city: Nara, Japan and date: Thu Nov 21 00:00:00 SGT 2019already exists
2019-11-21 11:36:41,427 INFO WeatherAppLogger [http-nio-8080-exec-1] Weather for city: Jakarta, Indonesia and date: Thu Nov 21 00:00:00 SGT 2019already exists
2019-11-21 11:37:07,031 INFO o.s.s.c.ThreadPoolTaskScheduler [Thread-130] Shutting down ExecutorService 'taskScheduler'
2019-11-21 11:37:07,031 INFO o.s.s.c.ThreadPoolTaskExecutor [Thread-130] Shutting down ExecutorService 'applicationTaskExecutor'
2019-11-21 11:37:07,032 INFO o.m.d.connection [Thread-130] Closed connection [connectionId{localValue:27, serverValue:5463}] to localhost:27017 because the pool has been closed.
2019-11-21 11:37:07,246 INFO w.Application [restartedMain] Starting Application on 403DWXN271 with PID 13068 (C:\Users\rpi-roarellora\git\assignment\weather-app\target\classes started by rpi-roarellora in C:\Users\rpi-roarellora\git\assignment\weather-app)
2019-11-21 11:37:07,246 INFO w.Application [restartedMain] No active profile set, falling back to default profiles: default
2019-11-21 11:37:07,370 INFO o.s.d.r.c.RepositoryConfigurationDelegate [restartedMain] Bootstrapping Spring Data repositories in DEFAULT mode.
2019-11-21 11:37:07,379 INFO o.s.d.r.c.RepositoryConfigurationDelegate [restartedMain] Finished Spring Data repository scanning in 9ms. Found 1 repository interfaces.
2019-11-21 11:37:07,454 INFO o.a.c.h.Http11NioProtocol [restartedMain] Initializing ProtocolHandler ["http-nio-8080"]
2019-11-21 11:37:07,455 INFO o.a.c.c.StandardService [restartedMain] Starting service [Tomcat]
2019-11-21 11:37:07,455 INFO o.a.c.c.StandardEngine [restartedMain] Starting Servlet engine: [Apache Tomcat/9.0.21]
2019-11-21 11:37:07,465 INFO o.a.c.c.C.[.[.[/] [restartedMain] Initializing Spring embedded WebApplicationContext
2019-11-21 11:37:07,465 INFO o.s.w.c.ContextLoader [restartedMain] Root WebApplicationContext: initialization completed in 217 ms
2019-11-21 11:37:07,480 INFO o.m.d.cluster [restartedMain] Cluster created with settings {hosts=[localhost:27017], mode=SINGLE, requiredClusterType=UNKNOWN, serverSelectionTimeout='30000 ms', maxWaitQueueSize=500}
2019-11-21 11:37:07,483 INFO o.m.d.connection [cluster-ClusterId{value='5dd606639eb84c330c4492a6', description='null'}-localhost:27017] Opened connection [connectionId{localValue:28, serverValue:5466}] to localhost:27017
2019-11-21 11:37:07,484 INFO o.m.d.cluster [cluster-ClusterId{value='5dd606639eb84c330c4492a6', description='null'}-localhost:27017] Monitor thread successfully connected to server with description ServerDescription{address=localhost:27017, type=STANDALONE, state=CONNECTED, ok=true, version=ServerVersion{versionList=[4, 2, 1]}, minWireVersion=0, maxWireVersion=8, maxDocumentSize=16777216, logicalSessionTimeoutMinutes=30, roundTripTimeNanos=320200}
2019-11-21 11:37:07,536 INFO o.s.s.c.ThreadPoolTaskExecutor [restartedMain] Initializing ExecutorService 'applicationTaskExecutor'
2019-11-21 11:37:07,558 INFO o.s.s.c.ThreadPoolTaskScheduler [restartedMain] Initializing ExecutorService 'taskScheduler'
2019-11-21 11:37:07,571 INFO o.a.c.h.Http11NioProtocol [restartedMain] Starting ProtocolHandler ["http-nio-8080"]
2019-11-21 11:37:07,575 INFO w.Application [restartedMain] Started Application in 0.366 seconds (JVM running for 1011.414)
2019-11-21 12:00:00,027 INFO o.m.d.connection [scheduling-1] Opened connection [connectionId{localValue:29, serverValue:5550}] to localhost:27017
2019-11-21 15:02:44,137 INFO o.s.s.c.ThreadPoolTaskScheduler [Thread-136] Shutting down ExecutorService 'taskScheduler'
2019-11-21 15:02:44,138 INFO o.s.s.c.ThreadPoolTaskExecutor [Thread-136] Shutting down ExecutorService 'applicationTaskExecutor'
2019-11-21 15:02:44,139 INFO o.m.d.connection [Thread-136] Closed connection [connectionId{localValue:29, serverValue:5550}] to localhost:27017 because the pool has been closed.
2019-11-21 15:02:44,441 INFO w.Application [restartedMain] Starting Application on 403DWXN271 with PID 13068 (C:\Users\rpi-roarellora\git\assignment\weather-app\target\classes started by rpi-roarellora in C:\Users\rpi-roarellora\git\assignment\weather-app)
2019-11-21 15:02:44,441 INFO w.Application [restartedMain] No active profile set, falling back to default profiles: default
2019-11-21 15:02:44,588 INFO o.s.d.r.c.RepositoryConfigurationDelegate [restartedMain] Bootstrapping Spring Data repositories in DEFAULT mode.
2019-11-21 15:02:44,597 INFO o.s.d.r.c.RepositoryConfigurationDelegate [restartedMain] Finished Spring Data repository scanning in 9ms. Found 1 repository interfaces.
2019-11-21 15:02:44,685 INFO o.a.c.h.Http11NioProtocol [restartedMain] Initializing ProtocolHandler ["http-nio-8080"]
2019-11-21 15:02:44,686 INFO o.a.c.c.StandardService [restartedMain] Starting service [Tomcat]
2019-11-21 15:02:44,686 INFO o.a.c.c.StandardEngine [restartedMain] Starting Servlet engine: [Apache Tomcat/9.0.21]
2019-11-21 15:02:44,697 INFO o.a.c.c.C.[.[.[/] [restartedMain] Initializing Spring embedded WebApplicationContext
2019-11-21 15:02:44,697 INFO o.s.w.c.ContextLoader [restartedMain] Root WebApplicationContext: initialization completed in 253 ms
2019-11-21 15:02:44,719 INFO o.m.d.cluster [restartedMain] Cluster created with settings {hosts=[localhost:27017], mode=SINGLE, requiredClusterType=UNKNOWN, serverSelectionTimeout='30000 ms', maxWaitQueueSize=500}
2019-11-21 15:02:44,723 INFO o.m.d.connection [cluster-ClusterId{value='5dd636949eb84c330c4492a7', description='null'}-localhost:27017] Opened connection [connectionId{localValue:30, serverValue:6216}] to localhost:27017
2019-11-21 15:02:44,724 INFO o.m.d.cluster [cluster-ClusterId{value='5dd636949eb84c330c4492a7', description='null'}-localhost:27017] Monitor thread successfully connected to server with description ServerDescription{address=localhost:27017, type=STANDALONE, state=CONNECTED, ok=true, version=ServerVersion{versionList=[4, 2, 1]}, minWireVersion=0, maxWireVersion=8, maxDocumentSize=16777216, logicalSessionTimeoutMinutes=30, roundTripTimeNanos=257401}
2019-11-21 15:02:44,796 INFO o.s.s.c.ThreadPoolTaskExecutor [restartedMain] Initializing ExecutorService 'applicationTaskExecutor'
2019-11-21 15:02:44,840 INFO o.s.s.c.ThreadPoolTaskScheduler [restartedMain] Initializing ExecutorService 'taskScheduler'
2019-11-21 15:02:44,859 INFO o.a.c.h.Http11NioProtocol [restartedMain] Starting ProtocolHandler ["http-nio-8080"]
2019-11-21 15:02:44,862 INFO w.Application [restartedMain] Started Application in 0.476 seconds (JVM running for 13348.744)
2019-11-21 15:02:53,373 INFO o.s.s.c.ThreadPoolTaskScheduler [Thread-142] Shutting down ExecutorService 'taskScheduler'
2019-11-21 15:02:53,373 INFO o.s.s.c.ThreadPoolTaskExecutor [Thread-142] Shutting down ExecutorService 'applicationTaskExecutor'
2019-11-21 15:02:53,674 INFO w.Application [restartedMain] Starting Application on 403DWXN271 with PID 13068 (C:\Users\rpi-roarellora\git\assignment\weather-app\target\classes started by rpi-roarellora in C:\Users\rpi-roarellora\git\assignment\weather-app)
2019-11-21 15:02:53,675 INFO w.Application [restartedMain] No active profile set, falling back to default profiles: default
2019-11-21 15:02:53,805 INFO o.s.d.r.c.RepositoryConfigurationDelegate [restartedMain] Bootstrapping Spring Data repositories in DEFAULT mode.
2019-11-21 15:02:53,814 INFO o.s.d.r.c.RepositoryConfigurationDelegate [restartedMain] Finished Spring Data repository scanning in 9ms. Found 1 repository interfaces.
2019-11-21 15:02:53,902 INFO o.a.c.h.Http11NioProtocol [restartedMain] Initializing ProtocolHandler ["http-nio-8080"]
2019-11-21 15:02:53,902 INFO o.a.c.c.StandardService [restartedMain] Starting service [Tomcat]
2019-11-21 15:02:53,903 INFO o.a.c.c.StandardEngine [restartedMain] Starting Servlet engine: [Apache Tomcat/9.0.21]
2019-11-21 15:02:53,919 INFO o.a.c.c.C.[.[.[/] [restartedMain] Initializing Spring embedded WebApplicationContext
2019-11-21 15:02:53,919 INFO o.s.w.c.ContextLoader [restartedMain] Root WebApplicationContext: initialization completed in 243 ms
2019-11-21 15:02:53,938 INFO o.m.d.cluster [restartedMain] Cluster created with settings {hosts=[localhost:27017], mode=SINGLE, requiredClusterType=UNKNOWN, serverSelectionTimeout='30000 ms', maxWaitQueueSize=500}
2019-11-21 15:02:53,942 INFO o.m.d.connection [cluster-ClusterId{value='5dd6369d9eb84c330c4492a8', description='null'}-localhost:27017] Opened connection [connectionId{localValue:31, serverValue:6217}] to localhost:27017
2019-11-21 15:02:53,943 INFO o.m.d.cluster [cluster-ClusterId{value='5dd6369d9eb84c330c4492a8', description='null'}-localhost:27017] Monitor thread successfully connected to server with description ServerDescription{address=localhost:27017, type=STANDALONE, state=CONNECTED, ok=true, version=ServerVersion{versionList=[4, 2, 1]}, minWireVersion=0, maxWireVersion=8, maxDocumentSize=16777216, logicalSessionTimeoutMinutes=30, roundTripTimeNanos=1034201}
2019-11-21 15:02:53,998 INFO o.s.s.c.ThreadPoolTaskExecutor [restartedMain] Initializing ExecutorService 'applicationTaskExecutor'
2019-11-21 15:02:54,025 INFO o.s.s.c.ThreadPoolTaskScheduler [restartedMain] Initializing ExecutorService 'taskScheduler'
2019-11-21 15:02:54,040 INFO o.a.c.h.Http11NioProtocol [restartedMain] Starting ProtocolHandler ["http-nio-8080"]
2019-11-21 15:02:54,060 INFO w.Application [restartedMain] Started Application in 0.417 seconds (JVM running for 13357.941)
2019-11-21 15:02:56,473 INFO o.s.s.c.ThreadPoolTaskScheduler [Thread-148] Shutting down ExecutorService 'taskScheduler'
2019-11-21 15:02:56,473 INFO o.s.s.c.ThreadPoolTaskExecutor [Thread-148] Shutting down ExecutorService 'applicationTaskExecutor'
2019-11-21 15:02:56,678 INFO w.Application [restartedMain] Starting Application on 403DWXN271 with PID 13068 (C:\Users\rpi-roarellora\git\assignment\weather-app\target\classes started by rpi-roarellora in C:\Users\rpi-roarellora\git\assignment\weather-app)
2019-11-21 15:02:56,678 INFO w.Application [restartedMain] No active profile set, falling back to default profiles: default
2019-11-21 15:02:56,792 INFO o.s.d.r.c.RepositoryConfigurationDelegate [restartedMain] Bootstrapping Spring Data repositories in DEFAULT mode.
2019-11-21 15:02:56,801 INFO o.s.d.r.c.RepositoryConfigurationDelegate [restartedMain] Finished Spring Data repository scanning in 9ms. Found 1 repository interfaces.
2019-11-21 15:02:56,881 INFO o.a.c.h.Http11NioProtocol [restartedMain] Initializing ProtocolHandler ["http-nio-8080"]
2019-11-21 15:02:56,882 INFO o.a.c.c.StandardService [restartedMain] Starting service [Tomcat]
2019-11-21 15:02:56,882 INFO o.a.c.c.StandardEngine [restartedMain] Starting Servlet engine: [Apache Tomcat/9.0.21]
2019-11-21 15:02:56,893 INFO o.a.c.c.C.[.[.[/] [restartedMain] Initializing Spring embedded WebApplicationContext
2019-11-21 15:02:56,893 INFO o.s.w.c.ContextLoader [restartedMain] Root WebApplicationContext: initialization completed in 214 ms
2019-11-21 15:02:56,909 INFO o.m.d.cluster [restartedMain] Cluster created with settings {hosts=[localhost:27017], mode=SINGLE, requiredClusterType=UNKNOWN, serverSelectionTimeout='30000 ms', maxWaitQueueSize=500}
2019-11-21 15:02:56,916 INFO o.m.d.connection [cluster-ClusterId{value='5dd636a09eb84c330c4492a9', description='null'}-localhost:27017] Opened connection [connectionId{localValue:32, serverValue:6218}] to localhost:27017
2019-11-21 15:02:56,917 INFO o.m.d.cluster [cluster-ClusterId{value='5dd636a09eb84c330c4492a9', description='null'}-localhost:27017] Monitor thread successfully connected to server with description ServerDescription{address=localhost:27017, type=STANDALONE, state=CONNECTED, ok=true, version=ServerVersion{versionList=[4, 2, 1]}, minWireVersion=0, maxWireVersion=8, maxDocumentSize=16777216, logicalSessionTimeoutMinutes=30, roundTripTimeNanos=284200}
2019-11-21 15:02:56,968 INFO o.s.s.c.ThreadPoolTaskExecutor [restartedMain] Initializing ExecutorService 'applicationTaskExecutor'
2019-11-21 15:02:56,991 INFO o.s.s.c.ThreadPoolTaskScheduler [restartedMain] Initializing ExecutorService 'taskScheduler'
2019-11-21 15:02:57,007 INFO o.a.c.h.Http11NioProtocol [restartedMain] Starting ProtocolHandler ["http-nio-8080"]
2019-11-21 15:02:57,012 INFO w.Application [restartedMain] Started Application in 0.371 seconds (JVM running for 13360.894)
2019-11-21 15:26:55,124 INFO w.Application [restartedMain] Starting Application on 403DWXN271 with PID 14736 (C:\Users\rpi-roarellora\git\assignment\weather-app\target\classes started by rpi-roarellora in C:\Users\rpi-roarellora\git\assignment\weather-app)
2019-11-21 15:26:55,131 INFO w.Application [restartedMain] No active profile set, falling back to default profiles: default
2019-11-21 15:26:55,821 INFO o.s.d.r.c.RepositoryConfigurationDelegate [restartedMain] Bootstrapping Spring Data repositories in DEFAULT mode.
2019-11-21 15:26:55,877 INFO o.s.d.r.c.RepositoryConfigurationDelegate [restartedMain] Finished Spring Data repository scanning in 53ms. Found 1 repository interfaces.
2019-11-21 15:26:56,642 INFO o.a.c.h.Http11NioProtocol [restartedMain] Initializing ProtocolHandler ["http-nio-8080"]
2019-11-21 15:26:56,658 INFO o.a.c.c.StandardService [restartedMain] Starting service [Tomcat]
2019-11-21 15:26:56,660 INFO o.a.c.c.StandardEngine [restartedMain] Starting Servlet engine: [Apache Tomcat/9.0.21]
2019-11-21 15:26:56,774 INFO o.a.c.c.C.[.[.[/] [restartedMain] Initializing Spring embedded WebApplicationContext
2019-11-21 15:26:56,775 INFO o.s.w.c.ContextLoader [restartedMain] Root WebApplicationContext: initialization completed in 1592 ms
2019-11-21 15:26:57,254 INFO o.m.d.cluster [restartedMain] Cluster created with settings {hosts=[localhost:27017], mode=SINGLE, requiredClusterType=UNKNOWN, serverSelectionTimeout='30000 ms', maxWaitQueueSize=500}
2019-11-21 15:26:57,318 INFO o.m.d.connection [cluster-ClusterId{value='5dd63c419eb84c3990182478', description='null'}-localhost:27017] Opened connection [connectionId{localValue:1, serverValue:6307}] to localhost:27017
2019-11-21 15:26:57,323 INFO o.m.d.cluster [cluster-ClusterId{value='5dd63c419eb84c3990182478', description='null'}-localhost:27017] Monitor thread successfully connected to server with description ServerDescription{address=localhost:27017, type=STANDALONE, state=CONNECTED, ok=true, version=ServerVersion{versionList=[4, 2, 1]}, minWireVersion=0, maxWireVersion=8, maxDocumentSize=16777216, logicalSessionTimeoutMinutes=30, roundTripTimeNanos=2690600}
2019-11-21 15:26:57,864 INFO o.s.s.c.ThreadPoolTaskExecutor [restartedMain] Initializing ExecutorService 'applicationTaskExecutor'
2019-11-21 15:26:58,044 INFO o.s.s.c.ThreadPoolTaskScheduler [restartedMain] Initializing ExecutorService 'taskScheduler'
2019-11-21 15:26:58,096 INFO o.a.c.h.Http11NioProtocol [restartedMain] Starting ProtocolHandler ["http-nio-8080"]
2019-11-21 15:26:58,122 INFO w.Application [restartedMain] Started Application in 3.386 seconds (JVM running for 4.476)
2019-11-21 15:27:02,930 INFO o.a.c.c.C.[.[.[/] [http-nio-8080-exec-1] Initializing Spring DispatcherServlet 'dispatcherServlet'
2019-11-21 15:27:02,930 INFO o.s.w.s.DispatcherServlet [http-nio-8080-exec-1] Initializing Servlet 'dispatcherServlet'
2019-11-21 15:27:02,940 INFO o.s.w.s.DispatcherServlet [http-nio-8080-exec-1] Completed initialization in 10 ms
2019-11-21 15:27:02,972 INFO WeatherAppLogger [http-nio-8080-exec-1] /wetherNow URL triggered
2019-11-21 15:27:02,973 INFO WeatherAppLogger [http-nio-8080-exec-1] Initialize get weather today:Thu Nov 21 00:00:00 SGT 2019
2019-11-21 15:27:03,068 INFO o.m.d.connection [http-nio-8080-exec-1] Opened connection [connectionId{localValue:2, serverValue:6308}] to localhost:27017
2019-11-21 15:27:03,112 INFO WeatherAppLogger [http-nio-8080-exec-1] Weather for city: Campbell, CA and date: Thu Nov 21 00:00:00 SGT 2019already exists
2019-11-21 15:27:03,115 INFO WeatherAppLogger [http-nio-8080-exec-1] Weather for city: Omaha, NE and date: Thu Nov 21 00:00:00 SGT 2019already exists
2019-11-21 15:27:03,119 INFO WeatherAppLogger [http-nio-8080-exec-1] Weather for city: Austin, TX and date: Thu Nov 21 00:00:00 SGT 2019already exists
2019-11-21 15:27:03,123 INFO WeatherAppLogger [http-nio-8080-exec-1] Weather for city: Niseko, Japan and date: Thu Nov 21 00:00:00 SGT 2019already exists
2019-11-21 15:27:03,125 INFO WeatherAppLogger [http-nio-8080-exec-1] Weather for city: Nara, Japan and date: Thu Nov 21 00:00:00 SGT 2019already exists
2019-11-21 15:27:03,128 INFO WeatherAppLogger [http-nio-8080-exec-1] Weather for city: Jakarta, Indonesia and date: Thu Nov 21 00:00:00 SGT 2019already exists
2019-11-21 15:38:43,997 INFO w.Application [restartedMain] Starting Application on 403DWXN271 with PID 19040 (C:\Users\rpi-roarellora\git\assignment\weather-app\target\classes started by rpi-roarellora in C:\Users\rpi-roarellora\git\assignment\weather-app)
2019-11-21 15:38:44,003 INFO w.Application [restartedMain] No active profile set, falling back to default profiles: default
2019-11-21 15:38:44,477 INFO o.s.d.r.c.RepositoryConfigurationDelegate [restartedMain] Bootstrapping Spring Data repositories in DEFAULT mode.
2019-11-21 15:38:44,526 INFO o.s.d.r.c.RepositoryConfigurationDelegate [restartedMain] Finished Spring Data repository scanning in 46ms. Found 1 repository interfaces.
2019-11-21 15:38:44,975 INFO o.a.c.h.Http11NioProtocol [restartedMain] Initializing ProtocolHandler ["http-nio-8080"]
2019-11-21 15:38:44,982 INFO o.a.c.c.StandardService [restartedMain] Starting service [Tomcat]
2019-11-21 15:38:44,983 INFO o.a.c.c.StandardEngine [restartedMain] Starting Servlet engine: [Apache Tomcat/9.0.21]
2019-11-21 15:38:45,063 INFO o.a.c.c.C.[.[.[/] [restartedMain] Initializing Spring embedded WebApplicationContext
2019-11-21 15:38:45,063 INFO o.s.w.c.ContextLoader [restartedMain] Root WebApplicationContext: initialization completed in 1027 ms
2019-11-21 15:38:45,512 INFO o.m.d.cluster [restartedMain] Cluster created with settings {hosts=[localhost:27017], mode=SINGLE, requiredClusterType=UNKNOWN, serverSelectionTimeout='30000 ms', maxWaitQueueSize=500}
2019-11-21 15:38:45,555 INFO o.m.d.connection [cluster-ClusterId{value='5dd63f059eb84c4a604591e8', description='null'}-localhost:27017] Opened connection [connectionId{localValue:1, serverValue:6351}] to localhost:27017
2019-11-21 15:38:45,558 INFO o.m.d.cluster [cluster-ClusterId{value='5dd63f059eb84c4a604591e8', description='null'}-localhost:27017] Monitor thread successfully connected to server with description ServerDescription{address=localhost:27017, type=STANDALONE, state=CONNECTED, ok=true, version=ServerVersion{versionList=[4, 2, 1]}, minWireVersion=0, maxWireVersion=8, maxDocumentSize=16777216, logicalSessionTimeoutMinutes=30, roundTripTimeNanos=2180599}
2019-11-21 15:38:45,941 INFO o.s.s.c.ThreadPoolTaskExecutor [restartedMain] Initializing ExecutorService 'applicationTaskExecutor'
2019-11-21 15:38:46,056 INFO o.s.s.c.ThreadPoolTaskScheduler [restartedMain] Initializing ExecutorService 'taskScheduler'
2019-11-21 15:38:46,100 INFO o.a.c.h.Http11NioProtocol [restartedMain] Starting ProtocolHandler ["http-nio-8080"]
2019-11-21 15:38:46,122 INFO w.Application [restartedMain] Started Application in 2.4 seconds (JVM running for 3.458)
2019-11-21 15:39:00,707 INFO o.a.c.c.C.[.[.[/] [http-nio-8080-exec-1] Initializing Spring DispatcherServlet 'dispatcherServlet'
2019-11-21 15:39:00,707 INFO o.s.w.s.DispatcherServlet [http-nio-8080-exec-1] Initializing Servlet 'dispatcherServlet'
2019-11-21 15:39:00,713 INFO o.s.w.s.DispatcherServlet [http-nio-8080-exec-1] Completed initialization in 6 ms
2019-11-21 15:39:00,736 INFO WeatherAppLogger [http-nio-8080-exec-1] /wetherNow URL triggered
2019-11-21 15:39:00,737 INFO WeatherAppLogger [http-nio-8080-exec-1] Initialize get weather today:Thu Nov 21 00:00:00 SGT 2019
2019-11-21 15:39:00,793 INFO o.m.d.connection [http-nio-8080-exec-1] Opened connection [connectionId{localValue:2, serverValue:6354}] to localhost:27017
2019-11-21 15:39:00,825 INFO WeatherAppLogger [http-nio-8080-exec-1] Weather for city: Campbell, CA and date: Thu Nov 21 00:00:00 SGT 2019already exists
2019-11-21 15:39:00,828 INFO WeatherAppLogger [http-nio-8080-exec-1] Weather for city: Omaha, NE and date: Thu Nov 21 00:00:00 SGT 2019already exists
2019-11-21 15:39:00,831 INFO WeatherAppLogger [http-nio-8080-exec-1] Weather for city: Austin, TX and date: Thu Nov 21 00:00:00 SGT 2019already exists
2019-11-21 15:39:00,834 INFO WeatherAppLogger [http-nio-8080-exec-1] Weather for city: Niseko, Japan and date: Thu Nov 21 00:00:00 SGT 2019already exists
2019-11-21 15:39:00,836 INFO WeatherAppLogger [http-nio-8080-exec-1] Weather for city: Nara, Japan and date: Thu Nov 21 00:00:00 SGT 2019already exists
2019-11-21 15:39:00,839 INFO WeatherAppLogger [http-nio-8080-exec-1] Weather for city: Jakarta, Indonesia and date: Thu Nov 21 00:00:00 SGT 2019already exists
2019-11-21 15:39:04,216 INFO o.s.s.c.ThreadPoolTaskScheduler [RMI TCP Connection(7)-127.0.0.1] Shutting down ExecutorService 'taskScheduler'
2019-11-21 15:39:04,217 INFO o.s.s.c.ThreadPoolTaskExecutor [RMI TCP Connection(7)-127.0.0.1] Shutting down ExecutorService 'applicationTaskExecutor'
2019-11-21 15:39:04,219 INFO o.m.d.connection [RMI TCP Connection(7)-127.0.0.1] Closed connection [connectionId{localValue:2, serverValue:6354}] to localhost:27017 because the pool has been closed.
2019-11-21 15:52:54,826 INFO w.Application [restartedMain] Starting Application on 403DWXN271 with PID 15792 (C:\Users\rpi-roarellora\git\assignment\weather-app\target\classes started by rpi-roarellora in C:\Users\rpi-roarellora\git\assignment\weather-app)
2019-11-21 15:52:54,832 INFO w.Application [restartedMain] No active profile set, falling back to default profiles: default
2019-11-21 15:52:55,522 INFO o.s.d.r.c.RepositoryConfigurationDelegate [restartedMain] Bootstrapping Spring Data repositories in DEFAULT mode.
2019-11-21 15:52:55,581 INFO o.s.d.r.c.RepositoryConfigurationDelegate [restartedMain] Finished Spring Data repository scanning in 54ms. Found 1 repository interfaces.
2019-11-21 15:52:56,315 INFO o.a.c.h.Http11NioProtocol [restartedMain] Initializing ProtocolHandler ["http-nio-8080"]
2019-11-21 15:52:56,327 INFO o.a.c.c.StandardService [restartedMain] Starting service [Tomcat]
2019-11-21 15:52:56,327 INFO o.a.c.c.StandardEngine [restartedMain] Starting Servlet engine: [Apache Tomcat/9.0.21]
2019-11-21 15:52:56,435 INFO o.a.c.c.C.[.[.[/] [restartedMain] Initializing Spring embedded WebApplicationContext
2019-11-21 15:52:56,435 INFO o.s.w.c.ContextLoader [restartedMain] Root WebApplicationContext: initialization completed in 1550 ms
2019-11-21 15:52:56,913 INFO o.m.d.cluster [restartedMain] Cluster created with settings {hosts=[localhost:27017], mode=SINGLE, requiredClusterType=UNKNOWN, serverSelectionTimeout='30000 ms', maxWaitQueueSize=500}
2019-11-21 15:52:56,993 INFO o.m.d.connection [cluster-ClusterId{value='5dd642589eb84c3db0c486fa', description='null'}-localhost:27017] Opened connection [connectionId{localValue:1, serverValue:6407}] to localhost:27017
2019-11-21 15:52:56,997 INFO o.m.d.cluster [cluster-ClusterId{value='5dd642589eb84c3db0c486fa', description='null'}-localhost:27017] Monitor thread successfully connected to server with description ServerDescription{address=localhost:27017, type=STANDALONE, state=CONNECTED, ok=true, version=ServerVersion{versionList=[4, 2, 1]}, minWireVersion=0, maxWireVersion=8, maxDocumentSize=16777216, logicalSessionTimeoutMinutes=30, roundTripTimeNanos=2646401}
2019-11-21 15:52:57,501 INFO o.s.s.c.ThreadPoolTaskExecutor [restartedMain] Initializing ExecutorService 'applicationTaskExecutor'
2019-11-21 15:52:57,685 INFO o.s.s.c.ThreadPoolTaskScheduler [restartedMain] Initializing ExecutorService 'taskScheduler'
2019-11-21 15:52:57,745 INFO o.a.c.h.Http11NioProtocol [restartedMain] Starting ProtocolHandler ["http-nio-8080"]
2019-11-21 15:52:57,768 INFO w.Application [restartedMain] Started Application in 3.338 seconds (JVM running for 4.37)
2019-11-21 15:59:09,113 INFO w.ApplicationTest [main] Starting ApplicationTest on 403DWXN271 with PID 8488 (started by rpi-roarellora in C:\Users\rpi-roarellora\git\assignment\weather-app)
2019-11-21 15:59:09,121 INFO w.ApplicationTest [main] No active profile set, falling back to default profiles: default
2019-11-21 15:59:09,958 WARN o.s.w.c.s.GenericWebApplicationContext [main] Exception encountered during context initialization - cancelling refresh attempt: org.springframework.beans.factory.UnsatisfiedDependencyException: Error creating bean with name 'UIController': Unsatisfied dependency expressed through field 'darkSkyAPIService'; nested exception is org.springframework.beans.factory.NoSuchBeanDefinitionException: No qualifying bean of type 'weather.service.DarkSkyAPIService' available: expected at least 1 bean which qualifies as autowire candidate. Dependency annotations: {@org.springframework.beans.factory.annotation.Autowired(required=true)}
2019-11-21 15:59:10,076 INFO w.ApplicationTest [main] Starting ApplicationTest on 403DWXN271 with PID 8488 (started by rpi-roarellora in C:\Users\rpi-roarellora\git\assignment\weather-app)
2019-11-21 15:59:10,077 INFO w.ApplicationTest [main] No active profile set, falling back to default profiles: default
2019-11-21 15:59:10,242 WARN o.s.w.c.s.GenericWebApplicationContext [main] Exception encountered during context initialization - cancelling refresh attempt: org.springframework.beans.factory.UnsatisfiedDependencyException: Error creating bean with name 'UIController': Unsatisfied dependency expressed through field 'darkSkyAPIService'; nested exception is org.springframework.beans.factory.NoSuchBeanDefinitionException: No qualifying bean of type 'weather.service.DarkSkyAPIService' available: expected at least 1 bean which qualifies as autowire candidate. Dependency annotations: {@org.springframework.beans.factory.annotation.Autowired(required=true)}
2019-11-21 15:59:10,269 ERROR o.s.t.c.TestContextManager [main] Caught exception while allowing TestExecutionListener [org.springframework.boot.test.autoconfigure.SpringBootDependencyInjectionTestExecutionListener@28348c6] to prepare test instance [weather.ApplicationTest@6de0f580]
java.lang.IllegalStateException: Failed to load ApplicationContext
	at org.springframework.test.context.cache.DefaultCacheAwareContextLoaderDelegate.loadContext(DefaultCacheAwareContextLoaderDelegate.java:125) ~[spring-test-5.1.8.RELEASE.jar:5.1.8.RELEASE]
	at org.springframework.test.context.support.DefaultTestContext.getApplicationContext(DefaultTestContext.java:108) ~[spring-test-5.1.8.RELEASE.jar:5.1.8.RELEASE]
	at org.springframework.test.context.support.DependencyInjectionTestExecutionListener.injectDependencies(DependencyInjectionTestExecutionListener.java:118) ~[spring-test-5.1.8.RELEASE.jar:5.1.8.RELEASE]
	at org.springframework.test.context.support.DependencyInjectionTestExecutionListener.prepareTestInstance(DependencyInjectionTestExecutionListener.java:83) ~[spring-test-5.1.8.RELEASE.jar:5.1.8.RELEASE]
	at org.springframework.boot.test.autoconfigure.SpringBootDependencyInjectionTestExecutionListener.prepareTestInstance(SpringBootDependencyInjectionTestExecutionListener.java:43) ~[spring-boot-test-autoconfigure-2.1.6.RELEASE.jar:2.1.6.RELEASE]
	at org.springframework.test.context.TestContextManager.prepareTestInstance(TestContextManager.java:246) [spring-test-5.1.8.RELEASE.jar:5.1.8.RELEASE]
	at org.springframework.test.context.junit4.SpringJUnit4ClassRunner.createTest(SpringJUnit4ClassRunner.java:227) [spring-test-5.1.8.RELEASE.jar:5.1.8.RELEASE]
	at org.springframework.test.context.junit4.SpringJUnit4ClassRunner$1.runReflectiveCall(SpringJUnit4ClassRunner.java:289) [spring-test-5.1.8.RELEASE.jar:5.1.8.RELEASE]
	at org.junit.internal.runners.model.ReflectiveCallable.run(ReflectiveCallable.java:12) [junit-4.12.jar:4.12]
	at org.springframework.test.context.junit4.SpringJUnit4ClassRunner.methodBlock(SpringJUnit4ClassRunner.java:291) [spring-test-5.1.8.RELEASE.jar:5.1.8.RELEASE]
	at org.springframework.test.context.junit4.SpringJUnit4ClassRunner.runChild(SpringJUnit4ClassRunner.java:246) [spring-test-5.1.8.RELEASE.jar:5.1.8.RELEASE]
	at org.springframework.test.context.junit4.SpringJUnit4ClassRunner.runChild(SpringJUnit4ClassRunner.java:97) [spring-test-5.1.8.RELEASE.jar:5.1.8.RELEASE]
	at org.junit.runners.ParentRunner$3.run(ParentRunner.java:290) [junit-4.12.jar:4.12]
	at org.junit.runners.ParentRunner$1.schedule(ParentRunner.java:71) [junit-4.12.jar:4.12]
	at org.junit.runners.ParentRunner.runChildren(ParentRunner.java:288) [junit-4.12.jar:4.12]
	at org.junit.runners.ParentRunner.access$000(ParentRunner.java:58) [junit-4.12.jar:4.12]
	at org.junit.runners.ParentRunner$2.evaluate(ParentRunner.java:268) [junit-4.12.jar:4.12]
	at org.springframework.test.context.junit4.statements.RunBeforeTestClassCallbacks.evaluate(RunBeforeTestClassCallbacks.java:61) [spring-test-5.1.8.RELEASE.jar:5.1.8.RELEASE]
	at org.springframework.test.context.junit4.statements.RunAfterTestClassCallbacks.evaluate(RunAfterTestClassCallbacks.java:70) [spring-test-5.1.8.RELEASE.jar:5.1.8.RELEASE]
	at org.junit.runners.ParentRunner.run(ParentRunner.java:363) [junit-4.12.jar:4.12]
	at org.springframework.test.context.junit4.SpringJUnit4ClassRunner.run(SpringJUnit4ClassRunner.java:190) [spring-test-5.1.8.RELEASE.jar:5.1.8.RELEASE]
	at org.eclipse.jdt.internal.junit4.runner.JUnit4TestReference.run(JUnit4TestReference.java:89) [.cp/:?]
	at org.eclipse.jdt.internal.junit.runner.TestExecution.run(TestExecution.java:41) [.cp/:?]
	at org.eclipse.jdt.internal.junit.runner.RemoteTestRunner.runTests(RemoteTestRunner.java:541) [.cp/:?]
	at org.eclipse.jdt.internal.junit.runner.RemoteTestRunner.runTests(RemoteTestRunner.java:763) [.cp/:?]
	at org.eclipse.jdt.internal.junit.runner.RemoteTestRunner.run(RemoteTestRunner.java:463) [.cp/:?]
	at org.eclipse.jdt.internal.junit.runner.RemoteTestRunner.main(RemoteTestRunner.java:209) [.cp/:?]
Caused by: org.springframework.beans.factory.UnsatisfiedDependencyException: Error creating bean with name 'UIController': Unsatisfied dependency expressed through field 'darkSkyAPIService'; nested exception is org.springframework.beans.factory.NoSuchBeanDefinitionException: No qualifying bean of type 'weather.service.DarkSkyAPIService' available: expected at least 1 bean which qualifies as autowire candidate. Dependency annotations: {@org.springframework.beans.factory.annotation.Autowired(required=true)}
	at org.springframework.beans.factory.annotation.AutowiredAnnotationBeanPostProcessor$AutowiredFieldElement.inject(AutowiredAnnotationBeanPostProcessor.java:596) ~[spring-beans-5.1.8.RELEASE.jar:5.1.8.RELEASE]
	at org.springframework.beans.factory.annotation.InjectionMetadata.inject(InjectionMetadata.java:90) ~[spring-beans-5.1.8.RELEASE.jar:5.1.8.RELEASE]
	at org.springframework.beans.factory.annotation.AutowiredAnnotationBeanPostProcessor.postProcessProperties(AutowiredAnnotationBeanPostProcessor.java:374) ~[spring-beans-5.1.8.RELEASE.jar:5.1.8.RELEASE]
	at org.springframework.beans.factory.support.AbstractAutowireCapableBeanFactory.populateBean(AbstractAutowireCapableBeanFactory.java:1411) ~[spring-beans-5.1.8.RELEASE.jar:5.1.8.RELEASE]
	at org.springframework.beans.factory.support.AbstractAutowireCapableBeanFactory.doCreateBean(AbstractAutowireCapableBeanFactory.java:592) ~[spring-beans-5.1.8.RELEASE.jar:5.1.8.RELEASE]
	at org.springframework.beans.factory.support.AbstractAutowireCapableBeanFactory.createBean(AbstractAutowireCapableBeanFactory.java:515) ~[spring-beans-5.1.8.RELEASE.jar:5.1.8.RELEASE]
	at org.springframework.beans.factory.support.AbstractBeanFactory.lambda$doGetBean$0(AbstractBeanFactory.java:320) ~[spring-beans-5.1.8.RELEASE.jar:5.1.8.RELEASE]
	at org.springframework.beans.factory.support.DefaultSingletonBeanRegistry.getSingleton(DefaultSingletonBeanRegistry.java:222) ~[spring-beans-5.1.8.RELEASE.jar:5.1.8.RELEASE]
	at org.springframework.beans.factory.support.AbstractBeanFactory.doGetBean(AbstractBeanFactory.java:318) ~[spring-beans-5.1.8.RELEASE.jar:5.1.8.RELEASE]
	at org.springframework.beans.factory.support.AbstractBeanFactory.getBean(AbstractBeanFactory.java:199) ~[spring-beans-5.1.8.RELEASE.jar:5.1.8.RELEASE]
	at org.springframework.beans.factory.support.DefaultListableBeanFactory.preInstantiateSingletons(DefaultListableBeanFactory.java:845) ~[spring-beans-5.1.8.RELEASE.jar:5.1.8.RELEASE]
	at org.springframework.context.support.AbstractApplicationContext.finishBeanFactoryInitialization(AbstractApplicationContext.java:877) ~[spring-context-5.1.8.RELEASE.jar:5.1.8.RELEASE]
	at org.springframework.context.support.AbstractApplicationContext.refresh(AbstractApplicationContext.java:549) ~[spring-context-5.1.8.RELEASE.jar:5.1.8.RELEASE]
	at org.springframework.boot.SpringApplication.refresh(SpringApplication.java:742) ~[spring-boot-2.1.6.RELEASE.jar:2.1.6.RELEASE]
	at org.springframework.boot.SpringApplication.refreshContext(SpringApplication.java:389) ~[spring-boot-2.1.6.RELEASE.jar:2.1.6.RELEASE]
	at org.springframework.boot.SpringApplication.run(SpringApplication.java:311) ~[spring-boot-2.1.6.RELEASE.jar:2.1.6.RELEASE]
	at org.springframework.boot.test.context.SpringBootContextLoader.loadContext(SpringBootContextLoader.java:119) ~[spring-boot-test-2.1.6.RELEASE.jar:2.1.6.RELEASE]
	at org.springframework.test.context.cache.DefaultCacheAwareContextLoaderDelegate.loadContextInternal(DefaultCacheAwareContextLoaderDelegate.java:99) ~[spring-test-5.1.8.RELEASE.jar:5.1.8.RELEASE]
	at org.springframework.test.context.cache.DefaultCacheAwareContextLoaderDelegate.loadContext(DefaultCacheAwareContextLoaderDelegate.java:117) ~[spring-test-5.1.8.RELEASE.jar:5.1.8.RELEASE]
	... 26 more
Caused by: org.springframework.beans.factory.NoSuchBeanDefinitionException: No qualifying bean of type 'weather.service.DarkSkyAPIService' available: expected at least 1 bean which qualifies as autowire candidate. Dependency annotations: {@org.springframework.beans.factory.annotation.Autowired(required=true)}
	at org.springframework.beans.factory.support.DefaultListableBeanFactory.raiseNoMatchingBeanFound(DefaultListableBeanFactory.java:1658) ~[spring-beans-5.1.8.RELEASE.jar:5.1.8.RELEASE]
	at org.springframework.beans.factory.support.DefaultListableBeanFactory.doResolveDependency(DefaultListableBeanFactory.java:1217) ~[spring-beans-5.1.8.RELEASE.jar:5.1.8.RELEASE]
	at org.springframework.beans.factory.support.DefaultListableBeanFactory.resolveDependency(DefaultListableBeanFactory.java:1171) ~[spring-beans-5.1.8.RELEASE.jar:5.1.8.RELEASE]
	at org.springframework.beans.factory.annotation.AutowiredAnnotationBeanPostProcessor$AutowiredFieldElement.inject(AutowiredAnnotationBeanPostProcessor.java:593) ~[spring-beans-5.1.8.RELEASE.jar:5.1.8.RELEASE]
	at org.springframework.beans.factory.annotation.InjectionMetadata.inject(InjectionMetadata.java:90) ~[spring-beans-5.1.8.RELEASE.jar:5.1.8.RELEASE]
	at org.springframework.beans.factory.annotation.AutowiredAnnotationBeanPostProcessor.postProcessProperties(AutowiredAnnotationBeanPostProcessor.java:374) ~[spring-beans-5.1.8.RELEASE.jar:5.1.8.RELEASE]
	at org.springframework.beans.factory.support.AbstractAutowireCapableBeanFactory.populateBean(AbstractAutowireCapableBeanFactory.java:1411) ~[spring-beans-5.1.8.RELEASE.jar:5.1.8.RELEASE]
	at org.springframework.beans.factory.support.AbstractAutowireCapableBeanFactory.doCreateBean(AbstractAutowireCapableBeanFactory.java:592) ~[spring-beans-5.1.8.RELEASE.jar:5.1.8.RELEASE]
	at org.springframework.beans.factory.support.AbstractAutowireCapableBeanFactory.createBean(AbstractAutowireCapableBeanFactory.java:515) ~[spring-beans-5.1.8.RELEASE.jar:5.1.8.RELEASE]
	at org.springframework.beans.factory.support.AbstractBeanFactory.lambda$doGetBean$0(AbstractBeanFactory.java:320) ~[spring-beans-5.1.8.RELEASE.jar:5.1.8.RELEASE]
	at org.springframework.beans.factory.support.DefaultSingletonBeanRegistry.getSingleton(DefaultSingletonBeanRegistry.java:222) ~[spring-beans-5.1.8.RELEASE.jar:5.1.8.RELEASE]
	at org.springframework.beans.factory.support.AbstractBeanFactory.doGetBean(AbstractBeanFactory.java:318) ~[spring-beans-5.1.8.RELEASE.jar:5.1.8.RELEASE]
	at org.springframework.beans.factory.support.AbstractBeanFactory.getBean(AbstractBeanFactory.java:199) ~[spring-beans-5.1.8.RELEASE.jar:5.1.8.RELEASE]
	at org.springframework.beans.factory.support.DefaultListableBeanFactory.preInstantiateSingletons(DefaultListableBeanFactory.java:845) ~[spring-beans-5.1.8.RELEASE.jar:5.1.8.RELEASE]
	at org.springframework.context.support.AbstractApplicationContext.finishBeanFactoryInitialization(AbstractApplicationContext.java:877) ~[spring-context-5.1.8.RELEASE.jar:5.1.8.RELEASE]
	at org.springframework.context.support.AbstractApplicationContext.refresh(AbstractApplicationContext.java:549) ~[spring-context-5.1.8.RELEASE.jar:5.1.8.RELEASE]
	at org.springframework.boot.SpringApplication.refresh(SpringApplication.java:742) ~[spring-boot-2.1.6.RELEASE.jar:2.1.6.RELEASE]
	at org.springframework.boot.SpringApplication.refreshContext(SpringApplication.java:389) ~[spring-boot-2.1.6.RELEASE.jar:2.1.6.RELEASE]
	at org.springframework.boot.SpringApplication.run(SpringApplication.java:311) ~[spring-boot-2.1.6.RELEASE.jar:2.1.6.RELEASE]
	at org.springframework.boot.test.context.SpringBootContextLoader.loadContext(SpringBootContextLoader.java:119) ~[spring-boot-test-2.1.6.RELEASE.jar:2.1.6.RELEASE]
	at org.springframework.test.context.cache.DefaultCacheAwareContextLoaderDelegate.loadContextInternal(DefaultCacheAwareContextLoaderDelegate.java:99) ~[spring-test-5.1.8.RELEASE.jar:5.1.8.RELEASE]
	at org.springframework.test.context.cache.DefaultCacheAwareContextLoaderDelegate.loadContext(DefaultCacheAwareContextLoaderDelegate.java:117) ~[spring-test-5.1.8.RELEASE.jar:5.1.8.RELEASE]
	... 26 more
2019-11-21 16:01:36,297 INFO w.Application [restartedMain] Starting Application on 403DWXN271 with PID 16960 (C:\Users\rpi-roarellora\git\assignment\weather-app\target\classes started by rpi-roarellora in C:\Users\rpi-roarellora\git\assignment\weather-app)
2019-11-21 16:01:36,304 INFO w.Application [restartedMain] No active profile set, falling back to default profiles: default
2019-11-21 16:01:37,053 INFO o.s.d.r.c.RepositoryConfigurationDelegate [restartedMain] Bootstrapping Spring Data repositories in DEFAULT mode.
2019-11-21 16:01:37,119 INFO o.s.d.r.c.RepositoryConfigurationDelegate [restartedMain] Finished Spring Data repository scanning in 62ms. Found 1 repository interfaces.
2019-11-21 16:01:37,876 INFO o.a.c.h.Http11NioProtocol [restartedMain] Initializing ProtocolHandler ["http-nio-8080"]
2019-11-21 16:01:37,886 INFO o.a.c.c.StandardService [restartedMain] Starting service [Tomcat]
2019-11-21 16:01:37,887 INFO o.a.c.c.StandardEngine [restartedMain] Starting Servlet engine: [Apache Tomcat/9.0.21]
2019-11-21 16:01:38,008 INFO o.a.c.c.C.[.[.[/] [restartedMain] Initializing Spring embedded WebApplicationContext
2019-11-21 16:01:38,009 INFO o.s.w.c.ContextLoader [restartedMain] Root WebApplicationContext: initialization completed in 1653 ms
2019-11-21 16:01:38,474 INFO o.m.d.cluster [restartedMain] Cluster created with settings {hosts=[localhost:27017], mode=SINGLE, requiredClusterType=UNKNOWN, serverSelectionTimeout='30000 ms', maxWaitQueueSize=500}
2019-11-21 16:01:38,545 INFO o.m.d.connection [cluster-ClusterId{value='5dd644629eb84c4240555717', description='null'}-localhost:27017] Opened connection [connectionId{localValue:1, serverValue:6440}] to localhost:27017
2019-11-21 16:01:38,549 INFO o.m.d.cluster [cluster-ClusterId{value='5dd644629eb84c4240555717', description='null'}-localhost:27017] Monitor thread successfully connected to server with description ServerDescription{address=localhost:27017, type=STANDALONE, state=CONNECTED, ok=true, version=ServerVersion{versionList=[4, 2, 1]}, minWireVersion=0, maxWireVersion=8, maxDocumentSize=16777216, logicalSessionTimeoutMinutes=30, roundTripTimeNanos=2765201}
2019-11-21 16:01:39,117 INFO o.s.s.c.ThreadPoolTaskExecutor [restartedMain] Initializing ExecutorService 'applicationTaskExecutor'
2019-11-21 16:01:39,345 INFO o.s.s.c.ThreadPoolTaskScheduler [restartedMain] Initializing ExecutorService 'taskScheduler'
2019-11-21 16:01:39,402 INFO o.a.c.h.Http11NioProtocol [restartedMain] Starting ProtocolHandler ["http-nio-8080"]
2019-11-21 16:01:39,425 INFO w.Application [restartedMain] Started Application in 3.494 seconds (JVM running for 4.532)
2019-11-21 16:01:45,974 INFO w.ApplicationTest [main] Starting ApplicationTest on 403DWXN271 with PID 18364 (started by rpi-roarellora in C:\Users\rpi-roarellora\git\assignment\weather-app)
2019-11-21 16:01:45,981 INFO w.ApplicationTest [main] No active profile set, falling back to default profiles: default
2019-11-21 16:01:46,776 WARN o.s.w.c.s.GenericWebApplicationContext [main] Exception encountered during context initialization - cancelling refresh attempt: org.springframework.beans.factory.UnsatisfiedDependencyException: Error creating bean with name 'UIController': Unsatisfied dependency expressed through field 'darkSkyAPIService'; nested exception is org.springframework.beans.factory.NoSuchBeanDefinitionException: No qualifying bean of type 'weather.service.DarkSkyAPIService' available: expected at least 1 bean which qualifies as autowire candidate. Dependency annotations: {@org.springframework.beans.factory.annotation.Autowired(required=true)}
2019-11-21 16:01:46,887 INFO w.ApplicationTest [main] Starting ApplicationTest on 403DWXN271 with PID 18364 (started by rpi-roarellora in C:\Users\rpi-roarellora\git\assignment\weather-app)
2019-11-21 16:01:46,889 INFO w.ApplicationTest [main] No active profile set, falling back to default profiles: default
2019-11-21 16:01:47,068 WARN o.s.w.c.s.GenericWebApplicationContext [main] Exception encountered during context initialization - cancelling refresh attempt: org.springframework.beans.factory.UnsatisfiedDependencyException: Error creating bean with name 'UIController': Unsatisfied dependency expressed through field 'darkSkyAPIService'; nested exception is org.springframework.beans.factory.NoSuchBeanDefinitionException: No qualifying bean of type 'weather.service.DarkSkyAPIService' available: expected at least 1 bean which qualifies as autowire candidate. Dependency annotations: {@org.springframework.beans.factory.annotation.Autowired(required=true)}
2019-11-21 16:01:47,093 ERROR o.s.t.c.TestContextManager [main] Caught exception while allowing TestExecutionListener [org.springframework.boot.test.autoconfigure.SpringBootDependencyInjectionTestExecutionListener@4bb003e9] to prepare test instance [weather.ApplicationTest@12aa4996]
java.lang.IllegalStateException: Failed to load ApplicationContext
	at org.springframework.test.context.cache.DefaultCacheAwareContextLoaderDelegate.loadContext(DefaultCacheAwareContextLoaderDelegate.java:125) ~[spring-test-5.1.8.RELEASE.jar:5.1.8.RELEASE]
	at org.springframework.test.context.support.DefaultTestContext.getApplicationContext(DefaultTestContext.java:108) ~[spring-test-5.1.8.RELEASE.jar:5.1.8.RELEASE]
	at org.springframework.test.context.support.DependencyInjectionTestExecutionListener.injectDependencies(DependencyInjectionTestExecutionListener.java:118) ~[spring-test-5.1.8.RELEASE.jar:5.1.8.RELEASE]
	at org.springframework.test.context.support.DependencyInjectionTestExecutionListener.prepareTestInstance(DependencyInjectionTestExecutionListener.java:83) ~[spring-test-5.1.8.RELEASE.jar:5.1.8.RELEASE]
	at org.springframework.boot.test.autoconfigure.SpringBootDependencyInjectionTestExecutionListener.prepareTestInstance(SpringBootDependencyInjectionTestExecutionListener.java:43) ~[spring-boot-test-autoconfigure-2.1.6.RELEASE.jar:2.1.6.RELEASE]
	at org.springframework.test.context.TestContextManager.prepareTestInstance(TestContextManager.java:246) [spring-test-5.1.8.RELEASE.jar:5.1.8.RELEASE]
	at org.springframework.test.context.junit4.SpringJUnit4ClassRunner.createTest(SpringJUnit4ClassRunner.java:227) [spring-test-5.1.8.RELEASE.jar:5.1.8.RELEASE]
	at org.springframework.test.context.junit4.SpringJUnit4ClassRunner$1.runReflectiveCall(SpringJUnit4ClassRunner.java:289) [spring-test-5.1.8.RELEASE.jar:5.1.8.RELEASE]
	at org.junit.internal.runners.model.ReflectiveCallable.run(ReflectiveCallable.java:12) [junit-4.12.jar:4.12]
	at org.springframework.test.context.junit4.SpringJUnit4ClassRunner.methodBlock(SpringJUnit4ClassRunner.java:291) [spring-test-5.1.8.RELEASE.jar:5.1.8.RELEASE]
	at org.springframework.test.context.junit4.SpringJUnit4ClassRunner.runChild(SpringJUnit4ClassRunner.java:246) [spring-test-5.1.8.RELEASE.jar:5.1.8.RELEASE]
	at org.springframework.test.context.junit4.SpringJUnit4ClassRunner.runChild(SpringJUnit4ClassRunner.java:97) [spring-test-5.1.8.RELEASE.jar:5.1.8.RELEASE]
	at org.junit.runners.ParentRunner$3.run(ParentRunner.java:290) [junit-4.12.jar:4.12]
	at org.junit.runners.ParentRunner$1.schedule(ParentRunner.java:71) [junit-4.12.jar:4.12]
	at org.junit.runners.ParentRunner.runChildren(ParentRunner.java:288) [junit-4.12.jar:4.12]
	at org.junit.runners.ParentRunner.access$000(ParentRunner.java:58) [junit-4.12.jar:4.12]
	at org.junit.runners.ParentRunner$2.evaluate(ParentRunner.java:268) [junit-4.12.jar:4.12]
	at org.springframework.test.context.junit4.statements.RunBeforeTestClassCallbacks.evaluate(RunBeforeTestClassCallbacks.java:61) [spring-test-5.1.8.RELEASE.jar:5.1.8.RELEASE]
	at org.springframework.test.context.junit4.statements.RunAfterTestClassCallbacks.evaluate(RunAfterTestClassCallbacks.java:70) [spring-test-5.1.8.RELEASE.jar:5.1.8.RELEASE]
	at org.junit.runners.ParentRunner.run(ParentRunner.java:363) [junit-4.12.jar:4.12]
	at org.springframework.test.context.junit4.SpringJUnit4ClassRunner.run(SpringJUnit4ClassRunner.java:190) [spring-test-5.1.8.RELEASE.jar:5.1.8.RELEASE]
	at org.eclipse.jdt.internal.junit4.runner.JUnit4TestReference.run(JUnit4TestReference.java:89) [.cp/:?]
	at org.eclipse.jdt.internal.junit.runner.TestExecution.run(TestExecution.java:41) [.cp/:?]
	at org.eclipse.jdt.internal.junit.runner.RemoteTestRunner.runTests(RemoteTestRunner.java:541) [.cp/:?]
	at org.eclipse.jdt.internal.junit.runner.RemoteTestRunner.runTests(RemoteTestRunner.java:763) [.cp/:?]
	at org.eclipse.jdt.internal.junit.runner.RemoteTestRunner.run(RemoteTestRunner.java:463) [.cp/:?]
	at org.eclipse.jdt.internal.junit.runner.RemoteTestRunner.main(RemoteTestRunner.java:209) [.cp/:?]
Caused by: org.springframework.beans.factory.UnsatisfiedDependencyException: Error creating bean with name 'UIController': Unsatisfied dependency expressed through field 'darkSkyAPIService'; nested exception is org.springframework.beans.factory.NoSuchBeanDefinitionException: No qualifying bean of type 'weather.service.DarkSkyAPIService' available: expected at least 1 bean which qualifies as autowire candidate. Dependency annotations: {@org.springframework.beans.factory.annotation.Autowired(required=true)}
	at org.springframework.beans.factory.annotation.AutowiredAnnotationBeanPostProcessor$AutowiredFieldElement.inject(AutowiredAnnotationBeanPostProcessor.java:596) ~[spring-beans-5.1.8.RELEASE.jar:5.1.8.RELEASE]
	at org.springframework.beans.factory.annotation.InjectionMetadata.inject(InjectionMetadata.java:90) ~[spring-beans-5.1.8.RELEASE.jar:5.1.8.RELEASE]
	at org.springframework.beans.factory.annotation.AutowiredAnnotationBeanPostProcessor.postProcessProperties(AutowiredAnnotationBeanPostProcessor.java:374) ~[spring-beans-5.1.8.RELEASE.jar:5.1.8.RELEASE]
	at org.springframework.beans.factory.support.AbstractAutowireCapableBeanFactory.populateBean(AbstractAutowireCapableBeanFactory.java:1411) ~[spring-beans-5.1.8.RELEASE.jar:5.1.8.RELEASE]
	at org.springframework.beans.factory.support.AbstractAutowireCapableBeanFactory.doCreateBean(AbstractAutowireCapableBeanFactory.java:592) ~[spring-beans-5.1.8.RELEASE.jar:5.1.8.RELEASE]
	at org.springframework.beans.factory.support.AbstractAutowireCapableBeanFactory.createBean(AbstractAutowireCapableBeanFactory.java:515) ~[spring-beans-5.1.8.RELEASE.jar:5.1.8.RELEASE]
	at org.springframework.beans.factory.support.AbstractBeanFactory.lambda$doGetBean$0(AbstractBeanFactory.java:320) ~[spring-beans-5.1.8.RELEASE.jar:5.1.8.RELEASE]
	at org.springframework.beans.factory.support.DefaultSingletonBeanRegistry.getSingleton(DefaultSingletonBeanRegistry.java:222) ~[spring-beans-5.1.8.RELEASE.jar:5.1.8.RELEASE]
	at org.springframework.beans.factory.support.AbstractBeanFactory.doGetBean(AbstractBeanFactory.java:318) ~[spring-beans-5.1.8.RELEASE.jar:5.1.8.RELEASE]
	at org.springframework.beans.factory.support.AbstractBeanFactory.getBean(AbstractBeanFactory.java:199) ~[spring-beans-5.1.8.RELEASE.jar:5.1.8.RELEASE]
	at org.springframework.beans.factory.support.DefaultListableBeanFactory.preInstantiateSingletons(DefaultListableBeanFactory.java:845) ~[spring-beans-5.1.8.RELEASE.jar:5.1.8.RELEASE]
	at org.springframework.context.support.AbstractApplicationContext.finishBeanFactoryInitialization(AbstractApplicationContext.java:877) ~[spring-context-5.1.8.RELEASE.jar:5.1.8.RELEASE]
	at org.springframework.context.support.AbstractApplicationContext.refresh(AbstractApplicationContext.java:549) ~[spring-context-5.1.8.RELEASE.jar:5.1.8.RELEASE]
	at org.springframework.boot.SpringApplication.refresh(SpringApplication.java:742) ~[spring-boot-2.1.6.RELEASE.jar:2.1.6.RELEASE]
	at org.springframework.boot.SpringApplication.refreshContext(SpringApplication.java:389) ~[spring-boot-2.1.6.RELEASE.jar:2.1.6.RELEASE]
	at org.springframework.boot.SpringApplication.run(SpringApplication.java:311) ~[spring-boot-2.1.6.RELEASE.jar:2.1.6.RELEASE]
	at org.springframework.boot.test.context.SpringBootContextLoader.loadContext(SpringBootContextLoader.java:119) ~[spring-boot-test-2.1.6.RELEASE.jar:2.1.6.RELEASE]
	at org.springframework.test.context.cache.DefaultCacheAwareContextLoaderDelegate.loadContextInternal(DefaultCacheAwareContextLoaderDelegate.java:99) ~[spring-test-5.1.8.RELEASE.jar:5.1.8.RELEASE]
	at org.springframework.test.context.cache.DefaultCacheAwareContextLoaderDelegate.loadContext(DefaultCacheAwareContextLoaderDelegate.java:117) ~[spring-test-5.1.8.RELEASE.jar:5.1.8.RELEASE]
	... 26 more
Caused by: org.springframework.beans.factory.NoSuchBeanDefinitionException: No qualifying bean of type 'weather.service.DarkSkyAPIService' available: expected at least 1 bean which qualifies as autowire candidate. Dependency annotations: {@org.springframework.beans.factory.annotation.Autowired(required=true)}
	at org.springframework.beans.factory.support.DefaultListableBeanFactory.raiseNoMatchingBeanFound(DefaultListableBeanFactory.java:1658) ~[spring-beans-5.1.8.RELEASE.jar:5.1.8.RELEASE]
	at org.springframework.beans.factory.support.DefaultListableBeanFactory.doResolveDependency(DefaultListableBeanFactory.java:1217) ~[spring-beans-5.1.8.RELEASE.jar:5.1.8.RELEASE]
	at org.springframework.beans.factory.support.DefaultListableBeanFactory.resolveDependency(DefaultListableBeanFactory.java:1171) ~[spring-beans-5.1.8.RELEASE.jar:5.1.8.RELEASE]
	at org.springframework.beans.factory.annotation.AutowiredAnnotationBeanPostProcessor$AutowiredFieldElement.inject(AutowiredAnnotationBeanPostProcessor.java:593) ~[spring-beans-5.1.8.RELEASE.jar:5.1.8.RELEASE]
	at org.springframework.beans.factory.annotation.InjectionMetadata.inject(InjectionMetadata.java:90) ~[spring-beans-5.1.8.RELEASE.jar:5.1.8.RELEASE]
	at org.springframework.beans.factory.annotation.AutowiredAnnotationBeanPostProcessor.postProcessProperties(AutowiredAnnotationBeanPostProcessor.java:374) ~[spring-beans-5.1.8.RELEASE.jar:5.1.8.RELEASE]
	at org.springframework.beans.factory.support.AbstractAutowireCapableBeanFactory.populateBean(AbstractAutowireCapableBeanFactory.java:1411) ~[spring-beans-5.1.8.RELEASE.jar:5.1.8.RELEASE]
	at org.springframework.beans.factory.support.AbstractAutowireCapableBeanFactory.doCreateBean(AbstractAutowireCapableBeanFactory.java:592) ~[spring-beans-5.1.8.RELEASE.jar:5.1.8.RELEASE]
	at org.springframework.beans.factory.support.AbstractAutowireCapableBeanFactory.createBean(AbstractAutowireCapableBeanFactory.java:515) ~[spring-beans-5.1.8.RELEASE.jar:5.1.8.RELEASE]
	at org.springframework.beans.factory.support.AbstractBeanFactory.lambda$doGetBean$0(AbstractBeanFactory.java:320) ~[spring-beans-5.1.8.RELEASE.jar:5.1.8.RELEASE]
	at org.springframework.beans.factory.support.DefaultSingletonBeanRegistry.getSingleton(DefaultSingletonBeanRegistry.java:222) ~[spring-beans-5.1.8.RELEASE.jar:5.1.8.RELEASE]
	at org.springframework.beans.factory.support.AbstractBeanFactory.doGetBean(AbstractBeanFactory.java:318) ~[spring-beans-5.1.8.RELEASE.jar:5.1.8.RELEASE]
	at org.springframework.beans.factory.support.AbstractBeanFactory.getBean(AbstractBeanFactory.java:199) ~[spring-beans-5.1.8.RELEASE.jar:5.1.8.RELEASE]
	at org.springframework.beans.factory.support.DefaultListableBeanFactory.preInstantiateSingletons(DefaultListableBeanFactory.java:845) ~[spring-beans-5.1.8.RELEASE.jar:5.1.8.RELEASE]
	at org.springframework.context.support.AbstractApplicationContext.finishBeanFactoryInitialization(AbstractApplicationContext.java:877) ~[spring-context-5.1.8.RELEASE.jar:5.1.8.RELEASE]
	at org.springframework.context.support.AbstractApplicationContext.refresh(AbstractApplicationContext.java:549) ~[spring-context-5.1.8.RELEASE.jar:5.1.8.RELEASE]
	at org.springframework.boot.SpringApplication.refresh(SpringApplication.java:742) ~[spring-boot-2.1.6.RELEASE.jar:2.1.6.RELEASE]
	at org.springframework.boot.SpringApplication.refreshContext(SpringApplication.java:389) ~[spring-boot-2.1.6.RELEASE.jar:2.1.6.RELEASE]
	at org.springframework.boot.SpringApplication.run(SpringApplication.java:311) ~[spring-boot-2.1.6.RELEASE.jar:2.1.6.RELEASE]
	at org.springframework.boot.test.context.SpringBootContextLoader.loadContext(SpringBootContextLoader.java:119) ~[spring-boot-test-2.1.6.RELEASE.jar:2.1.6.RELEASE]
	at org.springframework.test.context.cache.DefaultCacheAwareContextLoaderDelegate.loadContextInternal(DefaultCacheAwareContextLoaderDelegate.java:99) ~[spring-test-5.1.8.RELEASE.jar:5.1.8.RELEASE]
	at org.springframework.test.context.cache.DefaultCacheAwareContextLoaderDelegate.loadContext(DefaultCacheAwareContextLoaderDelegate.java:117) ~[spring-test-5.1.8.RELEASE.jar:5.1.8.RELEASE]
	... 26 more
2019-11-21 16:03:22,306 INFO w.ApplicationTest [main] Starting ApplicationTest on 403DWXN271 with PID 16704 (started by rpi-roarellora in C:\Users\rpi-roarellora\git\assignment\weather-app)
2019-11-21 16:03:22,316 INFO w.ApplicationTest [main] No active profile set, falling back to default profiles: default
2019-11-21 16:03:23,913 INFO o.s.s.c.ThreadPoolTaskExecutor [main] Initializing ExecutorService 'applicationTaskExecutor'
2019-11-21 16:03:24,217 INFO o.s.t.w.s.TestDispatcherServlet [main] Initializing Servlet ''
2019-11-21 16:03:24,233 INFO o.s.t.w.s.TestDispatcherServlet [main] Completed initialization in 16 ms
2019-11-21 16:03:24,272 INFO w.ApplicationTest [main] Started ApplicationTest in 2.244 seconds (JVM running for 3.613)
2019-11-21 16:03:24,352 INFO WeatherAppLogger [main] /wetherNow URL triggered
2019-11-21 16:03:24,811 INFO o.s.s.c.ThreadPoolTaskExecutor [Thread-3] Shutting down ExecutorService 'applicationTaskExecutor'
